# JRE version: OpenJDK Runtime Environment (8.0_292-b10) (build 1.8.0_292-8u292-b10-0ubuntu1~16.04.1-b10)
# Java VM: OpenJDK 64-Bit Server VM (25.292-b10 mixed mode linux-amd64 compressed oops)
Heap:
 PSYoungGen      total 108032K, used 108026K [0x00000000d7200000, 0x00000000de100000, 0x0000000100000000)
  eden space 102912K, 100% used [0x00000000d7200000,0x00000000dd680000,0x00000000dd680000)
  from space 5120K, 99% used [0x00000000ddc00000,0x00000000de0fe850,0x00000000de100000)
  to   space 5120K, 99% used [0x00000000dd700000,0x00000000ddbff090,0x00000000ddc00000)
 ParOldGen       total 53248K, used 10079K [0x0000000085600000, 0x0000000088a00000, 0x00000000d7200000)
  object space 53248K, 18% used [0x0000000085600000,0x0000000085fd7ec0,0x0000000088a00000)
 Metaspace       used 30507K, capacity 31394K, committed 31616K, reserved 1077248K
  class space    used 4000K, capacity 4120K, committed 4224K, reserved 1048576K
GC Heap History (10 events):
Event: 1.855 GC heap after
Heap after GC invocations=1 (full 0):
 PSYoungGen      total 36864K, used 5110K [0x00000000d7200000, 0x00000000dba00000, 0x0000000100000000)
  eden space 31744K, 0% used [0x00000000d7200000,0x00000000d7200000,0x00000000d9100000)
  from space 5120K, 99% used [0x00000000d9100000,0x00000000d95fdb20,0x00000000d9600000)
  to   space 5120K, 0% used [0x00000000db500000,0x00000000db500000,0x00000000dba00000)
 ParOldGen       total 84992K, used 3405K [0x0000000085600000, 0x000000008a900000, 0x00000000d7200000)
  object space 84992K, 4% used [0x0000000085600000,0x00000000859536d8,0x000000008a900000)
 Metaspace       used 13466K, capacity 13680K, committed 13824K, reserved 1060864K
  class space    used 1626K, capacity 1695K, committed 1792K, reserved 1048576K
}
Event: 2.700 GC heap before
{Heap before GC invocations=2 (full 0):
 PSYoungGen      total 36864K, used 31495K [0x00000000d7200000, 0x00000000dba00000, 0x0000000100000000)
  eden space 31744K, 83% used [0x00000000d7200000,0x00000000d8bc4368,0x00000000d9100000)
  from space 5120K, 99% used [0x00000000d9100000,0x00000000d95fdb20,0x00000000d9600000)
  to   space 5120K, 0% used [0x00000000db500000,0x00000000db500000,0x00000000dba00000)
 ParOldGen       total 84992K, used 3405K [0x0000000085600000, 0x000000008a900000, 0x00000000d7200000)
  object space 84992K, 4% used [0x0000000085600000,0x00000000859536d8,0x000000008a900000)
 Metaspace       used 20819K, capacity 21152K, committed 21296K, reserved 1067008K
  class space    used 2812K, capacity 2887K, committed 2944K, reserved 1048576K
Event: 2.730 GC heap after
Heap after GC invocations=2 (full 0):
 PSYoungGen      total 68608K, used 5115K [0x00000000d7200000, 0x00000000dba00000, 0x0000000100000000)
  eden space 63488K, 0% used [0x00000000d7200000,0x00000000d7200000,0x00000000db000000)
  from space 5120K, 99% used [0x00000000db500000,0x00000000db9fecf0,0x00000000dba00000)
  to   space 5120K, 0% used [0x00000000db000000,0x00000000db000000,0x00000000db500000)
 ParOldGen       total 84992K, used 5377K [0x0000000085600000, 0x000000008a900000, 0x00000000d7200000)
  object space 84992K, 6% used [0x0000000085600000,0x0000000085b404b8,0x000000008a900000)
 Metaspace       used 20819K, capacity 21152K, committed 21296K, reserved 1067008K
  class space    used 2812K, capacity 2887K, committed 2944K, reserved 1048576K
}
Event: 2.731 GC heap before
{Heap before GC invocations=3 (full 1):
 PSYoungGen      total 68608K, used 5115K [0x00000000d7200000, 0x00000000dba00000, 0x0000000100000000)
  eden space 63488K, 0% used [0x00000000d7200000,0x00000000d7200000,0x00000000db000000)
  from space 5120K, 99% used [0x00000000db500000,0x00000000db9fecf0,0x00000000dba00000)
  to   space 5120K, 0% used [0x00000000db000000,0x00000000db000000,0x00000000db500000)
 ParOldGen       total 84992K, used 5377K [0x0000000085600000, 0x000000008a900000, 0x00000000d7200000)
  object space 84992K, 6% used [0x0000000085600000,0x0000000085b404b8,0x000000008a900000)
 Metaspace       used 20819K, capacity 21152K, committed 21296K, reserved 1067008K
  class space    used 2812K, capacity 2887K, committed 2944K, reserved 1048576K
Event: 2.783 GC heap after
Heap after GC invocations=3 (full 1):
 PSYoungGen      total 68608K, used 0K [0x00000000d7200000, 0x00000000dba00000, 0x0000000100000000)
  eden space 63488K, 0% used [0x00000000d7200000,0x00000000d7200000,0x00000000db000000)
  from space 5120K, 0% used [0x00000000db500000,0x00000000db500000,0x00000000dba00000)
  to   space 5120K, 0% used [0x00000000db000000,0x00000000db000000,0x00000000db500000)
 ParOldGen       total 53248K, used 6626K [0x0000000085600000, 0x0000000088a00000, 0x00000000d7200000)
  object space 53248K, 12% used [0x0000000085600000,0x0000000085c788c0,0x0000000088a00000)
 Metaspace       used 20819K, capacity 21152K, committed 21296K, reserved 1067008K
  class space    used 2812K, capacity 2887K, committed 2944K, reserved 1048576K
}
Event: 4.919 GC heap before
{Heap before GC invocations=4 (full 1):
 PSYoungGen      total 68608K, used 63488K [0x00000000d7200000, 0x00000000dba00000, 0x0000000100000000)
  eden space 63488K, 100% used [0x00000000d7200000,0x00000000db000000,0x00000000db000000)
  from space 5120K, 0% used [0x00000000db500000,0x00000000db500000,0x00000000dba00000)
  to   space 5120K, 0% used [0x00000000db000000,0x00000000db000000,0x00000000db500000)
 ParOldGen       total 53248K, used 6626K [0x0000000085600000, 0x0000000088a00000, 0x00000000d7200000)
  object space 53248K, 12% used [0x0000000085600000,0x0000000085c788c0,0x0000000088a00000)
 Metaspace       used 26909K, capacity 27440K, committed 27520K, reserved 1073152K
  class space    used 3586K, capacity 3698K, committed 3712K, reserved 1048576K
Event: 4.965 GC heap after
Heap after GC invocations=4 (full 1):
 PSYoungGen      total 68608K, used 5100K [0x00000000d7200000, 0x00000000de100000, 0x0000000100000000)
  eden space 63488K, 0% used [0x00000000d7200000,0x00000000d7200000,0x00000000db000000)
  from space 5120K, 99% used [0x00000000db000000,0x00000000db4fb020,0x00000000db500000)
  to   space 5120K, 0% used [0x00000000ddc00000,0x00000000ddc00000,0x00000000de100000)
 ParOldGen       total 53248K, used 7087K [0x0000000085600000, 0x0000000088a00000, 0x00000000d7200000)
  object space 53248K, 13% used [0x0000000085600000,0x0000000085cebd10,0x0000000088a00000)
 Metaspace       used 26909K, capacity 27440K, committed 27520K, reserved 1073152K
  class space    used 3586K, capacity 3698K, committed 3712K, reserved 1048576K
}
Event: 5.852 GC heap before
{Heap before GC invocations=5 (full 1):
 PSYoungGen      total 68608K, used 68588K [0x00000000d7200000, 0x00000000de100000, 0x0000000100000000)
  eden space 63488K, 100% used [0x00000000d7200000,0x00000000db000000,0x00000000db000000)
  from space 5120K, 99% used [0x00000000db000000,0x00000000db4fb020,0x00000000db500000)
  to   space 5120K, 0% used [0x00000000ddc00000,0x00000000ddc00000,0x00000000de100000)
 ParOldGen       total 53248K, used 7087K [0x0000000085600000, 0x0000000088a00000, 0x00000000d7200000)
  object space 53248K, 13% used [0x0000000085600000,0x0000000085cebd10,0x0000000088a00000)
 Metaspace       used 28194K, capacity 28848K, committed 28928K, reserved 1075200K
  class space    used 3732K, capacity 3834K, committed 3840K, reserved 1048576K
Event: 5.877 GC heap after
Heap after GC invocations=5 (full 1):
 PSYoungGen      total 108032K, used 5114K [0x00000000d7200000, 0x00000000de100000, 0x0000000100000000)
  eden space 102912K, 0% used [0x00000000d7200000,0x00000000d7200000,0x00000000dd680000)
  from space 5120K, 99% used [0x00000000ddc00000,0x00000000de0fe850,0x00000000de100000)
  to   space 5120K, 0% used [0x00000000dd700000,0x00000000dd700000,0x00000000ddc00000)
 ParOldGen       total 53248K, used 8117K [0x0000000085600000, 0x0000000088a00000, 0x00000000d7200000)
  object space 53248K, 15% used [0x0000000085600000,0x0000000085ded440,0x0000000088a00000)
 Metaspace       used 28194K, capacity 28848K, committed 28928K, reserved 1075200K
  class space    used 3732K, capacity 3834K, committed 3840K, reserved 1048576K
}
Event: 7.552 GC heap before
{Heap before GC invocations=6 (full 1):
 PSYoungGen      total 108032K, used 108026K [0x00000000d7200000, 0x00000000de100000, 0x0000000100000000)
  eden space 102912K, 100% used [0x00000000d7200000,0x00000000dd680000,0x00000000dd680000)
  from space 5120K, 99% used [0x00000000ddc00000,0x00000000de0fe850,0x00000000de100000)
  to   space 5120K, 0% used [0x00000000dd700000,0x00000000dd700000,0x00000000ddc00000)
 ParOldGen       total 53248K, used 8117K [0x0000000085600000, 0x0000000088a00000, 0x00000000d7200000)
  object space 53248K, 15% used [0x0000000085600000,0x0000000085ded440,0x0000000088a00000)
 Metaspace       used 30507K, capacity 31394K, committed 31616K, reserved 1077248K
  class space    used 4000K, capacity 4120K, committed 4224K, reserved 1048576K

